<?xml version="1.0" encoding="UTF-8"?>
<testng-results ignored="0" total="1" passed="1" failed="0" skipped="0">
  <reporter-output>
  </reporter-output>
  <suite started-at="2025-06-28T15:36:23 IST" name="Default suite" finished-at="2025-06-28T15:37:14 IST" duration-ms="51206">
    <groups>
    </groups>
    <test started-at="2025-06-28T15:36:23 IST" name="Default test" finished-at="2025-06-28T15:37:14 IST" duration-ms="51206">
      <class name="ninzaCRM.ContactsTests.CreateContactTest">
        <test-method is-config="true" signature="bsConfig()[pri:0, instance:ninzaCRM.ContactsTests.CreateContactTest@54422e18]" started-at="2025-06-28T15:36:23 IST" name="bsConfig" finished-at="2025-06-28T15:36:23 IST" duration-ms="9" status="PASS">
          <reporter-output>
          </reporter-output>
        </test-method> <!-- bsConfig -->
        <test-method is-config="true" signature="bcConfig()[pri:0, instance:ninzaCRM.ContactsTests.CreateContactTest@54422e18]" started-at="2025-06-28T15:36:24 IST" name="bcConfig" finished-at="2025-06-28T15:36:35 IST" duration-ms="11610" status="PASS">
          <reporter-output>
          </reporter-output>
        </test-method> <!-- bcConfig -->
        <test-method is-config="true" signature="bmConfig()[pri:0, instance:ninzaCRM.ContactsTests.CreateContactTest@54422e18]" started-at="2025-06-28T15:36:35 IST" name="bmConfig" finished-at="2025-06-28T15:36:36 IST" duration-ms="695" status="PASS">
          <reporter-output>
          </reporter-output>
        </test-method> <!-- bmConfig -->
        <test-method signature="createContact()[pri:0, instance:ninzaCRM.ContactsTests.CreateContactTest@54422e18]" started-at="2025-06-28T15:36:36 IST" name="createContact" finished-at="2025-06-28T15:37:07 IST" duration-ms="30619" status="PASS">
          <reporter-output>
          </reporter-output>
        </test-method> <!-- createContact -->
        <test-method is-config="true" signature="amConfig()[pri:0, instance:ninzaCRM.ContactsTests.CreateContactTest@54422e18]" started-at="2025-06-28T15:37:07 IST" name="amConfig" finished-at="2025-06-28T15:37:13 IST" duration-ms="6826" status="PASS">
          <reporter-output>
          </reporter-output>
        </test-method> <!-- amConfig -->
        <test-method is-config="true" signature="acConfig()[pri:0, instance:ninzaCRM.ContactsTests.CreateContactTest@54422e18]" started-at="2025-06-28T15:37:13 IST" name="acConfig" finished-at="2025-06-28T15:37:14 IST" duration-ms="696" status="PASS">
          <reporter-output>
          </reporter-output>
        </test-method> <!-- acConfig -->
        <test-method is-config="true" signature="asConfig()[pri:0, instance:ninzaCRM.ContactsTests.CreateContactTest@54422e18]" started-at="2025-06-28T15:37:15 IST" name="asConfig" finished-at="2025-06-28T15:37:15 IST" duration-ms="0" status="PASS">
          <reporter-output>
          </reporter-output>
        </test-method> <!-- asConfig -->
      </class> <!-- ninzaCRM.ContactsTests.CreateContactTest -->
    </test> <!-- Default test -->
  </suite> <!-- Default suite -->
</testng-results>
