<?xml version="1.0" encoding="UTF-8"?>
<testng-results ignored="0" total="1" passed="1" failed="0" skipped="0">
  <reporter-output>
  </reporter-output>
  <suite started-at="2025-06-16T17:59:55 IST" name="Default suite" finished-at="2025-06-16T18:00:20 IST" duration-ms="25214">
    <groups>
    </groups>
    <test started-at="2025-06-16T17:59:55 IST" name="Default test" finished-at="2025-06-16T18:00:20 IST" duration-ms="25214">
      <class name="ninzaCRM.ContactsTests.CreateContactWithCampaignTest">
        <test-method signature="tc_02_createContactWithCampaign()[pri:0, instance:ninzaCRM.ContactsTests.CreateContactWithCampaignTest@771a660]" started-at="2025-06-16T17:59:55 IST" name="tc_02_createContactWithCampaign" finished-at="2025-06-16T18:00:20 IST" duration-ms="25149" status="PASS">
          <reporter-output>
          </reporter-output>
        </test-method> <!-- tc_02_createContactWithCampaign -->
      </class> <!-- ninzaCRM.ContactsTests.CreateContactWithCampaignTest -->
    </test> <!-- Default test -->
  </suite> <!-- Default suite -->
</testng-results>
